{"/home/renzosy/Documents/M2D/Desarrollo Web Entorno Cliente/Tareas/UN 2/Parte Individual/TextAnalyzerPro/src/modules/Analizador.ts": {"path":"/home/renzosy/Documents/M2D/Desarrollo Web Entorno Cliente/Tareas/UN 2/Parte Individual/TextAnalyzerPro/src/modules/Analizador.ts","statementMap":{"0":{"start":{"line":9,"column":0},"end":{"line":9,"column":16}},"1":{"start":{"line":10,"column":4},"end":{"line":26,"column":null}},"2":{"start":{"line":35,"column":8},"end":{"line":35,"column":27}},"3":{"start":{"line":44,"column":8},"end":{"line":44,"column":46}},"4":{"start":{"line":55,"column":25},"end":{"line":55,"column":53}},"5":{"start":{"line":58,"column":8},"end":{"line":58,"column":31}},"6":{"start":{"line":72,"column":26},"end":{"line":72,"column":80}},"7":{"start":{"line":72,"column":60},"end":{"line":72,"column":79}},"8":{"start":{"line":79,"column":8},"end":{"line":79,"column":32}},"9":{"start":{"line":89,"column":25},"end":{"line":89,"column":78}},"10":{"start":{"line":89,"column":58},"end":{"line":89,"column":77}},"11":{"start":{"line":92,"column":8},"end":{"line":92,"column":31}},"12":{"start":{"line":108,"column":21},"end":{"line":108,"column":49}},"13":{"start":{"line":114,"column":8},"end":{"line":114,"column":40}},"14":{"start":{"line":114,"column":31},"end":{"line":114,"column":40}},"15":{"start":{"line":116,"column":28},"end":{"line":116,"column":70}},"16":{"start":{"line":116,"column":52},"end":{"line":116,"column":66}},"17":{"start":{"line":122,"column":8},"end":{"line":122,"column":64}},"18":{"start":{"line":134,"column":26},"end":{"line":134,"column":80}},"19":{"start":{"line":134,"column":60},"end":{"line":134,"column":79}},"20":{"start":{"line":138,"column":8},"end":{"line":138,"column":45}},"21":{"start":{"line":138,"column":36},"end":{"line":138,"column":45}},"22":{"start":{"line":141,"column":22},"end":{"line":141,"column":50}},"23":{"start":{"line":145,"column":8},"end":{"line":145,"column":72}},"24":{"start":{"line":157,"column":22},"end":{"line":157,"column":64}},"25":{"start":{"line":159,"column":21},"end":{"line":159,"column":46}},"26":{"start":{"line":161,"column":8},"end":{"line":166,"column":9}},"27":{"start":{"line":162,"column":12},"end":{"line":162,"column":53}},"28":{"start":{"line":168,"column":8},"end":{"line":168,"column":20}}},"fnMap":{"0":{"name":"AnalizarTexto","decl":{"start":{"line":9,"column":16},"end":{"line":9,"column":29}},"loc":{"start":{"line":9,"column":41},"end":{"line":27,"column":1}}},"1":{"name":"ContarCaracteres","decl":{"start":{"line":34,"column":13},"end":{"line":34,"column":29}},"loc":{"start":{"line":34,"column":42},"end":{"line":36,"column":5}}},"2":{"name":"ContarCaracteresSinSpacio","decl":{"start":{"line":43,"column":13},"end":{"line":43,"column":38}},"loc":{"start":{"line":43,"column":51},"end":{"line":47,"column":5}}},"3":{"name":"ContarPalabras","decl":{"start":{"line":54,"column":13},"end":{"line":54,"column":27}},"loc":{"start":{"line":54,"column":40},"end":{"line":59,"column":5}}},"4":{"name":"ContarOraciones","decl":{"start":{"line":71,"column":13},"end":{"line":71,"column":28}},"loc":{"start":{"line":71,"column":41},"end":{"line":80,"column":5}}},"5":{"name":"(anonymous_5)","decl":{"start":{"line":72,"column":55},"end":{"line":72,"column":56}},"loc":{"start":{"line":72,"column":60},"end":{"line":72,"column":79}}},"6":{"name":"ContarParrafos","decl":{"start":{"line":88,"column":13},"end":{"line":88,"column":27}},"loc":{"start":{"line":88,"column":40},"end":{"line":93,"column":5}}},"7":{"name":"(anonymous_7)","decl":{"start":{"line":89,"column":53},"end":{"line":89,"column":54}},"loc":{"start":{"line":89,"column":58},"end":{"line":89,"column":77}}},"8":{"name":"LongitudMediaPalabras","decl":{"start":{"line":106,"column":13},"end":{"line":106,"column":34}},"loc":{"start":{"line":106,"column":48},"end":{"line":123,"column":5}}},"9":{"name":"(anonymous_9)","decl":{"start":{"line":116,"column":40},"end":{"line":116,"column":41}},"loc":{"start":{"line":116,"column":52},"end":{"line":116,"column":66}}},"10":{"name":"NumeroMedioPalabrasOracion","decl":{"start":{"line":131,"column":13},"end":{"line":131,"column":39}},"loc":{"start":{"line":131,"column":51},"end":{"line":146,"column":5}}},"11":{"name":"(anonymous_11)","decl":{"start":{"line":134,"column":55},"end":{"line":134,"column":56}},"loc":{"start":{"line":134,"column":60},"end":{"line":134,"column":79}}},"12":{"name":"FrecuenciaPalabras","decl":{"start":{"line":155,"column":13},"end":{"line":155,"column":31}},"loc":{"start":{"line":155,"column":44},"end":{"line":169,"column":5}}}},"branchMap":{"0":{"loc":{"start":{"line":55,"column":25},"end":{"line":55,"column":53}},"type":"binary-expr","locations":[{"start":{"line":55,"column":25},"end":{"line":55,"column":47}},{"start":{"line":55,"column":51},"end":{"line":55,"column":53}}]},"1":{"loc":{"start":{"line":108,"column":21},"end":{"line":108,"column":49}},"type":"binary-expr","locations":[{"start":{"line":108,"column":21},"end":{"line":108,"column":43}},{"start":{"line":108,"column":47},"end":{"line":108,"column":49}}]},"2":{"loc":{"start":{"line":114,"column":8},"end":{"line":114,"column":40}},"type":"if","locations":[{"start":{"line":114,"column":8},"end":{"line":114,"column":40}},{"start":{},"end":{}}]},"3":{"loc":{"start":{"line":138,"column":8},"end":{"line":138,"column":45}},"type":"if","locations":[{"start":{"line":138,"column":8},"end":{"line":138,"column":45}},{"start":{},"end":{}}]},"4":{"loc":{"start":{"line":141,"column":22},"end":{"line":141,"column":50}},"type":"binary-expr","locations":[{"start":{"line":141,"column":22},"end":{"line":141,"column":44}},{"start":{"line":141,"column":48},"end":{"line":141,"column":50}}]},"5":{"loc":{"start":{"line":157,"column":22},"end":{"line":157,"column":64}},"type":"binary-expr","locations":[{"start":{"line":157,"column":22},"end":{"line":157,"column":58}},{"start":{"line":157,"column":62},"end":{"line":157,"column":64}}]},"6":{"loc":{"start":{"line":162,"column":28},"end":{"line":162,"column":47}},"type":"binary-expr","locations":[{"start":{"line":162,"column":28},"end":{"line":162,"column":42}},{"start":{"line":162,"column":46},"end":{"line":162,"column":47}}]}},"s":{"0":1,"1":16,"2":16,"3":16,"4":16,"5":16,"6":16,"7":19,"8":16,"9":16,"10":18,"11":16,"12":16,"13":16,"14":9,"15":7,"16":25,"17":7,"18":16,"19":19,"20":16,"21":9,"22":7,"23":7,"24":16,"25":16,"26":16,"27":25,"28":16},"f":{"0":16,"1":16,"2":16,"3":16,"4":16,"5":19,"6":16,"7":18,"8":16,"9":25,"10":16,"11":19,"12":16},"b":{"0":[16,9],"1":[16,9],"2":[9,7],"3":[9,7],"4":[7,0],"5":[16,9],"6":[25,16]}}
}
