TN:
SF:src/modules/Analizador.ts
FN:9,AnalizarTexto
FN:34,ContarCaracteres
FN:43,ContarCaracteresSinSpacio
FN:54,ContarPalabras
FN:71,ContarOraciones
FN:72,(anonymous_5)
FN:88,ContarParrafos
FN:89,(anonymous_7)
FN:106,LongitudMediaPalabras
FN:116,(anonymous_9)
FN:131,NumeroMedioPalabrasOracion
FN:134,(anonymous_11)
FN:155,FrecuenciaPalabras
FNF:13
FNH:13
FNDA:16,AnalizarTexto
FNDA:16,ContarCaracteres
FNDA:16,ContarCaracteresSinSpacio
FNDA:16,ContarPalabras
FNDA:16,ContarOraciones
FNDA:19,(anonymous_5)
FNDA:16,ContarParrafos
FNDA:18,(anonymous_7)
FNDA:16,LongitudMediaPalabras
FNDA:25,(anonymous_9)
FNDA:16,NumeroMedioPalabrasOracion
FNDA:19,(anonymous_11)
FNDA:16,FrecuenciaPalabras
DA:9,1
DA:10,16
DA:35,16
DA:44,16
DA:55,16
DA:58,16
DA:72,19
DA:79,16
DA:89,18
DA:92,16
DA:108,16
DA:114,16
DA:116,25
DA:122,7
DA:134,19
DA:138,16
DA:141,7
DA:145,7
DA:157,16
DA:159,16
DA:161,16
DA:162,25
DA:168,16
LF:23
LH:23
BRDA:55,0,0,16
BRDA:55,0,1,9
BRDA:108,1,0,16
BRDA:108,1,1,9
BRDA:114,2,0,9
BRDA:114,2,1,7
BRDA:138,3,0,9
BRDA:138,3,1,7
BRDA:141,4,0,7
BRDA:141,4,1,0
BRDA:157,5,0,16
BRDA:157,5,1,9
BRDA:162,6,0,25
BRDA:162,6,1,16
BRF:14
BRH:13
end_of_record
